[debug] [2023-09-28T21:01:31.783Z] ----------------------------------------------------------------------
[debug] [2023-09-28T21:01:31.785Z] Command:       C:\Program Files\nodejs\node.exe C:\Users\BIPUL\AppData\Roaming\npm\node_modules\firebase-tools\lib\bin\firebase.js init
[debug] [2023-09-28T21:01:31.786Z] CLI Version:   12.6.1
[debug] [2023-09-28T21:01:31.786Z] Platform:      win32
[debug] [2023-09-28T21:01:31.786Z] Node Version:  v16.15.1
[debug] [2023-09-28T21:01:31.801Z] Time:          Fri Sep 29 2023 03:01:31 GMT+0600 (Bangladesh Standard Time)
[debug] [2023-09-28T21:01:31.802Z] ----------------------------------------------------------------------
[debug] 
[debug] [2023-09-28T21:01:31.895Z] > command requires scopes: ["email","openid","https://www.googleapis.com/auth/cloudplatformprojects.readonly","https://www.googleapis.com/auth/firebase","https://www.googleapis.com/auth/cloud-platform"]
[debug] [2023-09-28T21:01:31.896Z] > authorizing via signed-in user (mdbipulhossain252@gmail.com)
[info] 
     ######## #### ########  ######## ########     ###     ######  ########
     ##        ##  ##     ## ##       ##     ##  ##   ##  ##       ##
     ######    ##  ########  ######   ########  #########  ######  ######
     ##        ##  ##    ##  ##       ##     ## ##     ##       ## ##
     ##       #### ##     ## ######## ########  ##     ##  ######  ########

You're about to initialize a Firebase project in this directory:

  C:\projects\my_works_station\career_up_project\ecommerce_projects\client

Before we get started, keep in mind:

  * You are currently outside your home directory
  * You are initializing within an existing Firebase project directory

[info] 
=== Project Setup
[info] 
[info] Fi
[info] You can create multiplrst, let's associate this project directory with a Firebase project.e project aliases by running firebase use --add, 
[info] but for now we'll just set up a default project.
[info] 
[debug] [2023-09-28T21:04:06.145Z] > refreshing access token with scopes: []
[debug] [2023-09-28T21:04:06.148Z] >>> [apiv2][query] POST https://www.googleapis.com/oauth2/v3/token [none]
[debug] [2023-09-28T21:04:06.149Z] >>> [apiv2][body] POST https://www.googleapis.com/oauth2/v3/token [omitted]
[debug] [2023-09-28T21:04:06.745Z] <<< [apiv2][status] POST https://www.googleapis.com/oauth2/v3/token 400
[debug] [2023-09-28T21:04:06.745Z] <<< [apiv2][body] POST https://www.googleapis.com/oauth2/v3/token [omitted]
[debug] [2023-09-28T21:04:06.746Z] >>> [apiv2][query] GET https://firebase.googleapis.com/v1beta1/projects pageSize=100
[debug] [2023-09-28T21:04:07.182Z] <<< [apiv2][status] GET https://firebase.googleapis.com/v1beta1/projects 401
[debug] [2023-09-28T21:04:07.182Z] <<< [apiv2][body] GET https://firebase.googleapis.com/v1beta1/projects [omitted]
[debug] [2023-09-28T21:04:07.183Z] HTTP Error: 401, Request had invalid authentication credentials. Expected OAuth 2 access token, login cookie or other valid authentication credential. See https://developers.google.com/identity/sign-in/web/devconsole-project.
[debug] [2023-09-28T21:04:07.600Z] FirebaseError: HTTP Error: 401, Request had invalid authentication credentials. Expected OAuth 2 access token, login cookie or other valid authentication credential. See https://developers.google.com/identity/sign-in/web/devconsole-project.
    at responseToError (C:\Users\BIPUL\AppData\Roaming\npm\node_modules\firebase-tools\lib\responseToError.js:49:12)
    at RetryOperation._fn (C:\Users\BIPUL\AppData\Roaming\npm\node_modules\firebase-tools\lib\apiv2.js:285:77)
    at processTicksAndRejections (node:internal/process/task_queues:96:5)
[error] 
[error] Error: Failed to list Firebase projects. See firebase-debug.log for more info.
[debug] [2023-09-28T21:10:12.556Z] ----------------------------------------------------------------------
[debug] [2023-09-28T21:10:12.558Z] Command:       C:\Program Files\nodejs\node.exe C:\Users\BIPUL\AppData\Roaming\npm\node_modules\firebase-tools\lib\bin\firebase.js init
[debug] [2023-09-28T21:10:12.558Z] CLI Version:   12.6.1
[debug] [2023-09-28T21:10:12.559Z] Platform:      win32
[debug] [2023-09-28T21:10:12.559Z] Node Version:  v16.15.1
[debug] [2023-09-28T21:10:12.568Z] Time:          Fri Sep 29 2023 03:10:12 GMT+0600 (Bangladesh Standard Time)
[debug] [2023-09-28T21:10:12.569Z] ----------------------------------------------------------------------
[debug] 
[debug] [2023-09-28T21:10:12.666Z] > command requires scopes: ["email","openid","https://www.googleapis.com/auth/cloudplatformprojects.readonly","https://www.googleapis.com/auth/firebase","https://www.googleapis.com/auth/cloud-platform"]
[debug] [2023-09-28T21:10:12.666Z] > authorizing via signed-in user (mdbipulhossain252@gmail.com)
[info] 
     ######## #### ########  ######## ########     ###     ######  ########
     ##        ##  ##     ## ##       ##     ##  ##   ##  ##       ##
     ######    ##  ########  ######   ########  #########  ######  ######
     ##        ##  ##    ##  ##       ##     ## ##     ##       ## ##
     ##       #### ##     ## ######## ########  ##     ##  ######  ########

You're about to initialize a Firebase project in this directory:

  C:\projects\my_works_station\career_up_project\ecommerce_projects\client

Before we get started, keep in mind:

  * You are currently outside your home directory
  * You are initializing within an existing Firebase project directory

[info] 
=== Project Setup
[info] 
[info] First, let's associate this project directory with a Firebase project.
[info] You can create multiple project aliases by running firebase use --add, 
[info] but for now we'll just set up a default project.
[info] 
[debug] [2023-09-28T21:10:33.592Z] > refreshing access token with scopes: []
[debug] [2023-09-28T21:10:33.594Z] >>> [apiv2][query] POST https://www.googleapis.com/oauth2/v3/token [none]
[debug] [2023-09-28T21:10:33.594Z] >>> [apiv2][body] POST https://www.googleapis.com/oauth2/v3/token [omitted]
[debug] [2023-09-28T21:10:34.328Z] <<< [apiv2][status] POST https://www.googleapis.com/oauth2/v3/token 400
[debug] [2023-09-28T21:10:34.329Z] <<< [apiv2][body] POST https://www.googleapis.com/oauth2/v3/token [omitted]
[debug] [2023-09-28T21:10:34.330Z] >>> [apiv2][query] GET https://firebase.googleapis.com/v1beta1/projects pageSize=100
[debug] [2023-09-28T21:10:34.791Z] <<< [apiv2][status] GET https://firebase.googleapis.com/v1beta1/projects 401
[debug] [2023-09-28T21:10:34.791Z] <<< [apiv2][body] GET https://firebase.googleapis.com/v1beta1/projects [omitted]
[debug] [2023-09-28T21:10:34.792Z] HTTP Error: 401, Request had invalid authentication credentials. Expected OAuth 2 access token, login cookie or other valid authentication credential. See https://developers.google.com/identity/sign-in/web/devconsole-project.
[debug] [2023-09-28T21:10:35.062Z] FirebaseError: HTTP Error: 401, Request had invalid authentication credentials. Expected OAuth 2 access token, login cookie or other valid authentication credential. See https://developers.google.com/identity/sign-in/web/devconsole-project.
    at responseToError (C:\Users\BIPUL\AppData\Roaming\npm\node_modules\firebase-tools\lib\responseToError.js:49:12)
    at RetryOperation._fn (C:\Users\BIPUL\AppData\Roaming\npm\node_modules\firebase-tools\lib\apiv2.js:285:77)
    at processTicksAndRejections (node:internal/process/task_queues:96:5)
[error] 
[error] Error: Failed to list Firebase projects. See firebase-debug.log for more info.
